<?xml version="1.0" encoding="UTF-8"?>
<!-- Generated by org.testng.reporters.JUnitReportReporter -->
<testsuite skipped="1" hostname="DESKTOP-US8RL53" name="cookieHandling.TestCases" tests="3" failures="0" timestamp="13 May 2020 13:08:21 GMT" time="9.460" errors="0">
  <testcase name="verifyNameWithCookie" time="9.421" classname="cookieHandling.TestCases"/>
  <testcase name="verifyName" time="0.039" classname="cookieHandling.TestCases"/>
  <testcase name="login" classname="cookieHandling.TestCases">
    <skipped/>
  </testcase> <!-- login -->
</testsuite> <!-- cookieHandling.TestCases -->
