<?xml version="1.0" encoding="UTF-8"?>
<!-- Generated by org.testng.reporters.JUnitReportReporter -->
<testsuite skipped="1" hostname="DESKTOP-US8RL53" name="cookieHandling.TestCases" tests="3" failures="0" timestamp="2020-05-18T14:36:51 IST" time="8.688" errors="0">
  <testcase name="verifyNameWithCookie" time="8.525" classname="cookieHandling.TestCases"/>
  <system-out/>
  <testcase name="verifyName" time="0.163" classname="cookieHandling.TestCases"/>
  <system-out/>
  <testcase name="login" classname="cookieHandling.TestCases">
    <skipped/>
  </testcase> <!-- login -->
  <system-out/>
</testsuite> <!-- cookieHandling.TestCases -->
