<?xml version="1.0" encoding="UTF-8"?>
<!-- Generated by org.testng.reporters.JUnitReportReporter -->
<testsuite skipped="1" hostname="DESKTOP-US8RL53" name="cookieHandling.TestCasesTest" tests="3" failures="0" timestamp="2020-05-18T17:07:38 IST" time="10.724" errors="0">
  <testcase name="verifyNameWithCookie" time="10.463" classname="cookieHandling.TestCasesTest"/>
  <system-out/>
  <testcase name="verifyName" time="0.261" classname="cookieHandling.TestCasesTest"/>
  <system-out/>
  <testcase name="login" classname="cookieHandling.TestCasesTest">
    <skipped/>
  </testcase> <!-- login -->
  <system-out/>
</testsuite> <!-- cookieHandling.TestCasesTest -->
